<?xml version="1.0" encoding="UTF-8"?>
<testExecutions version="1">
    <file path="/data/home/ubuntu/Desktop/datingapp-273542-react-native/src/packages/blocks/forgot-password/__tests__/step-definitions/CustomForgotPassword.steps.tsx">
        <testCase name="CustomForgotPassword User navigates to CustomForgotPassword" duration="1320"/>
    </file>
    <file path="/data/home/ubuntu/Desktop/datingapp-273542-react-native/src/packages/blocks/forgot-password/__tests__/step-definitions/ForgotPassword.steps.tsx">
        <testCase name="ForgotPassword User navigates to ForgotPassword" duration="525"/>
    </file>
    <file path="/data/home/ubuntu/Desktop/datingapp-273542-react-native/src/packages/blocks/forgot-password/__tests__/step-definitions/NewPassword.steps.tsx">
        <testCase name="NewPassword User navigates to NewPassword" duration="603"/>
    </file>
    <file path="/data/home/ubuntu/Desktop/datingapp-273542-react-native/src/packages/blocks/forgot-password/__tests__/step-definitions/ForgotPasswordOTP.steps.tsx">
        <testCase name="ForgotPasswordOTP User navigates to ForgotPasswordOTP" duration="455"/>
    </file>
    <file path="/data/home/ubuntu/Desktop/datingapp-273542-react-native/src/packages/blocks/forgot-password/__tests__/step-definitions/EmailVerifaction.steps.tsx">
        <testCase name="EmailVerifaction User navigates to EmailVerifaction" duration="734"/>
    </file>
    <file path="/data/home/ubuntu/Desktop/datingapp-273542-react-native/src/packages/blocks/forgot-password/__tests__/step-definitions/EmailOTPInput.steps.tsx">
        <testCase name="EmailOTPInput User navigates to EmailOTPInput" duration="356"/>
        <testCase name="EmailOTPInput User navigates to EmailOTPInputWithFalse" duration="165"/>
    </file>
</testExecutions>